2026-06-05 00:05:00.001 INFO  [c.a.a.a.s.ArCardRecordScheduler] [AutoImport] Bắt đầu tự động đọc dữ liệu quẹt thẻ: fromDate=2026-06-03, toDate=2026-06-05
2026-06-05 00:05:00.130 INFO  [c.a.a.a.s.i.ArCardRecordServiceImpl] [importFromDevice] Bắt đầu đọc dữ liệu quẹt thẻ từ máy chủ, fromDate=2026-06-03, toDate=2026-06-05
2026-06-05 00:05:30.139 ERROR [c.a.a.a.s.i.ArCardRecordServiceImpl] [importFromDevice] Lỗi kết nối hoặc xử lý dữ liệu
com.microsoft.sqlserver.jdbc.SQLServerException: The TCP/IP connection to the host 10.43.7.249, port 1433 has failed. Error: "Connect timed out. Verify the connection properties. Make sure that an instance of SQL Server is running on the host and accepting TCP/IP connections at the port. Make sure that TCP connections to the port are not blocked by a firewall.".
	at at com.microsoft.sqlserver.jdbc.SQLServerException.makeFromDriverError(SQLServerException.java:231)
2026-06-05 00:05:30.143 ERROR [c.a.a.a.s.ArCardRecordScheduler] [AutoImport] Thất bại: Lỗi kết nối máy chủ quẹt thẻ: The TCP/IP connection to the host 10.43.7.249, port 1433 has failed. Error: "Connect timed out. Verify the connection properties. Make sure that an instance of SQL Server is running on the host and accepting TCP/IP connections at the port. Make sure that TCP connections to the port are not blocked by a firewall.".
2026-06-05 03:41:58.498 WARN  [c.zaxxer.hikari.pool.PoolBase] HrAppPool - Failed to validate connection oracle.jdbc.driver.T4CConnection@536fc30b (ORA-17900: Invalid operation, not connected.
https://docs.oracle.com/error-help/db/ora-17900/). Possibly consider using a shorter maxLifetime value.
2026-06-05 03:41:58.519 WARN  [c.z.hikari.pool.HikariPool] HrAppPool - Thread starvation or clock leap detected (housekeeper delta=3h28m9s428ms713µs200ns).
2026-06-05 03:41:58.554 WARN  [c.zaxxer.hikari.pool.PoolBase] HrAppPool - Failed to validate connection oracle.jdbc.driver.T4CConnection@2b8e1080 (ORA-17900: Invalid operation, not connected.
https://docs.oracle.com/error-help/db/ora-17900/). Possibly consider using a shorter maxLifetime value.
2026-06-05 03:41:58.584 WARN  [c.zaxxer.hikari.pool.PoolBase] HrAppPool - Failed to validate connection oracle.jdbc.driver.T4CConnection@376d35b4 (ORA-17900: Invalid operation, not connected.
https://docs.oracle.com/error-help/db/ora-17900/). Possibly consider using a shorter maxLifetime value.
2026-06-05 03:41:58.614 WARN  [c.zaxxer.hikari.pool.PoolBase] HrAppPool - Failed to validate connection oracle.jdbc.driver.T4CConnection@16a324e6 (ORA-17900: Invalid operation, not connected.
https://docs.oracle.com/error-help/db/ora-17900/). Possibly consider using a shorter maxLifetime value.
2026-06-05 03:41:58.633 WARN  [c.zaxxer.hikari.pool.PoolBase] HrAppPool - Failed to validate connection oracle.jdbc.driver.T4CConnection@336c6035 (ORA-17900: Invalid operation, not connected.
https://docs.oracle.com/error-help/db/ora-17900/). Possibly consider using a shorter maxLifetime value.
2026-06-05 03:42:07.329 INFO  [c.a.a.a.s.ArCardRecordScheduler] [AutoImport] Bắt đầu tự động đọc dữ liệu quẹt thẻ: fromDate=2026-06-03, toDate=2026-06-05
2026-06-05 03:42:07.349 INFO  [c.a.a.a.s.i.ArCardRecordServiceImpl] [importFromDevice] Bắt đầu đọc dữ liệu quẹt thẻ từ máy chủ, fromDate=2026-06-03, toDate=2026-06-05
2026-06-05 04:01:13.975 ERROR [c.a.a.a.s.i.ArCardRecordServiceImpl] [importFromDevice] Lỗi kết nối hoặc xử lý dữ liệu
com.microsoft.sqlserver.jdbc.SQLServerException: The TCP/IP connection to the host 10.43.7.249, port 1433 has failed. Error: "Connection timed out: getsockopt. Verify the connection properties. Make sure that an instance of SQL Server is running on the host and accepting TCP/IP connections at the port. Make sure that TCP connections to the port are not blocked by a firewall.".
	at at com.microsoft.sqlserver.jdbc.SQLServerException.makeFromDriverError(SQLServerException.java:231)
2026-06-05 04:01:14.028 ERROR [c.a.a.a.s.ArCardRecordScheduler] [AutoImport] Thất bại: Lỗi kết nối máy chủ quẹt thẻ: The TCP/IP connection to the host 10.43.7.249, port 1433 has failed. Error: "Connection timed out: getsockopt. Verify the connection properties. Make sure that an instance of SQL Server is running on the host and accepting TCP/IP connections at the port. Make sure that TCP connections to the port are not blocked by a firewall.".
2026-06-05 04:01:14.686 INFO  [c.a.a.a.s.ArCardRecordForSelfScheduler] [AutoImportForSelf] Bắt đầu tự động đọc dữ liệu quẹt thẻ cá nhân: fromDate=2026-06-04, toDate=2026-06-04
2026-06-05 04:01:14.735 INFO  [c.a.a.a.s.i.ArCardRecordForSelfServiceImpl] [ArCardRecordForSelfService] importFromDevice fromDate=2026-06-04, toDate=2026-06-04
2026-06-05 04:01:44.789 ERROR [c.a.a.a.s.i.ArCardRecordForSelfServiceImpl] [ArCardRecordForSelfService] Lỗi kết nối hoặc xử lý dữ liệu
com.microsoft.sqlserver.jdbc.SQLServerException: The TCP/IP connection to the host 10.43.7.249, port 1433 has failed. Error: "Connect timed out. Verify the connection properties. Make sure that an instance of SQL Server is running on the host and accepting TCP/IP connections at the port. Make sure that TCP connections to the port are not blocked by a firewall.".
	at at com.microsoft.sqlserver.jdbc.SQLServerException.makeFromDriverError(SQLServerException.java:231)
2026-06-05 04:01:44.807 ERROR [c.a.a.a.s.ArCardRecordForSelfScheduler] [AutoImportForSelf] Thất bại: Lỗi kết nối máy chủ quẹt thẻ: The TCP/IP connection to the host 10.43.7.249, port 1433 has failed. Error: "Connect timed out. Verify the connection properties. Make sure that an instance of SQL Server is running on the host and accepting TCP/IP connections at the port. Make sure that TCP connections to the port are not blocked by a firewall.".
2026-06-05 04:02:00.632 WARN  [c.z.hikari.pool.HikariPool] HrAppPool - Thread starvation or clock leap detected (housekeeper delta=20m2s110ms959µs).
2026-06-05 04:02:00.641 WARN  [c.zaxxer.hikari.pool.PoolBase] HrAppPool - Failed to validate connection oracle.jdbc.driver.T4CConnection@4c425c9c (ORA-17008: Closed connection
https://docs.oracle.com/error-help/db/ora-17008/). Possibly consider using a shorter maxLifetime value.
2026-06-05 04:02:00.645 WARN  [c.zaxxer.hikari.pool.PoolBase] HrAppPool - Failed to validate connection oracle.jdbc.driver.T4CConnection@3ca12c18 (ORA-17008: Closed connection
https://docs.oracle.com/error-help/db/ora-17008/). Possibly consider using a shorter maxLifetime value.
2026-06-05 04:02:00.651 WARN  [c.zaxxer.hikari.pool.PoolBase] HrAppPool - Failed to validate connection oracle.jdbc.driver.T4CConnection@1fc91c34 (ORA-17008: Closed connection
https://docs.oracle.com/error-help/db/ora-17008/). Possibly consider using a shorter maxLifetime value.
2026-06-05 04:02:00.654 WARN  [c.zaxxer.hikari.pool.PoolBase] HrAppPool - Failed to validate connection oracle.jdbc.driver.T4CConnection@7c49e46f (ORA-17008: Closed connection
https://docs.oracle.com/error-help/db/ora-17008/). Possibly consider using a shorter maxLifetime value.
2026-06-05 04:02:00.658 WARN  [c.zaxxer.hikari.pool.PoolBase] HrAppPool - Failed to validate connection oracle.jdbc.driver.T4CConnection@4b7212e9 (ORA-17008: Closed connection
https://docs.oracle.com/error-help/db/ora-17008/). Possibly consider using a shorter maxLifetime value.
